EDA Netlist Writer report for multicore
Tue Aug 23 20:31:26 2011
Quartus II Version 9.1 Build 222 10/21/2009 SJ Full Version


---------------------
; Table of Contents ;
---------------------
  1. Legal Notice
  2. EDA Netlist Writer Summary
  3. Simulation Settings
  4. Simulation Generated Files
  5. EDA Netlist Writer Messages



----------------
; Legal Notice ;
----------------
Copyright (C) 1991-2009 Altera Corporation
Your use of Altera Corporation's design tools, logic functions 
and other software and tools, and its AMPP partner logic 
functions, and any output files from any of the foregoing 
(including device programming or simulation files), and any 
associated documentation or information are expressly subject 
to the terms and conditions of the Altera Program License 
Subscription Agreement, Altera MegaCore Function License 
Agreement, or other applicable license agreement, including, 
without limitation, that your use is for the sole purpose of 
programming logic devices manufactured by Altera and sold by 
Altera or its authorized distributors.  Please refer to the 
applicable agreement for further details.



+-------------------------------------------------------------------+
; EDA Netlist Writer Summary                                        ;
+---------------------------+---------------------------------------+
; EDA Netlist Writer Status ; Successful - Tue Aug 23 20:31:26 2011 ;
; Revision Name             ; multicore                             ;
; Top-level Entity Name     ; np_core                               ;
; Family                    ; Stratix IV                            ;
; Simulation Files Creation ; Successful                            ;
+---------------------------+---------------------------------------+


+-------------------------------------------------------------------------------------------------------------------------------+
; Simulation Settings                                                                                                           ;
+---------------------------------------------------------------------------------------------------+---------------------------+
; Option                                                                                            ; Setting                   ;
+---------------------------------------------------------------------------------------------------+---------------------------+
; Tool Name                                                                                         ; ModelSim-Altera (Verilog) ;
; Generate netlist for functional simulation only                                                   ; Off                       ;
; Time scale                                                                                        ; 1 ps                      ;
; Truncate long hierarchy paths                                                                     ; Off                       ;
; Map illegal HDL characters                                                                        ; Off                       ;
; Flatten buses into individual nodes                                                               ; Off                       ;
; Maintain hierarchy                                                                                ; Off                       ;
; Bring out device-wide set/reset signals as ports                                                  ; Off                       ;
; Enable glitch filtering                                                                           ; Off                       ;
; Do not write top level VHDL entity                                                                ; Off                       ;
; Disable detection of setup and hold time violations in the input registers of bi-directional pins ; Off                       ;
; Architecture name in VHDL output netlist                                                          ; structure                 ;
; Generate third-party EDA tool command script for RTL functional simulation                        ; Off                       ;
; Generate third-party EDA tool command script for gate-level simulation                            ; Off                       ;
+---------------------------------------------------------------------------------------------------+---------------------------+


+-----------------------------------------------------------------------------------------+
; Simulation Generated Files                                                              ;
+-----------------------------------------------------------------------------------------+
; Generated Files                                                                         ;
+-----------------------------------------------------------------------------------------+
; C:/altera/91/quartus/multicore_16/simulation/modelsim/multicore_2x_900mv_85c_slow.vo    ;
; C:/altera/91/quartus/multicore_16/simulation/modelsim/multicore_2x_900mv_0c_slow.vo     ;
; C:/altera/91/quartus/multicore_16/simulation/modelsim/multicore_min_900mv_0c_fast.vo    ;
; C:/altera/91/quartus/multicore_16/simulation/modelsim/multicore.vo                      ;
; C:/altera/91/quartus/multicore_16/simulation/modelsim/multicore_2x_900mv_85c_v_slow.sdo ;
; C:/altera/91/quartus/multicore_16/simulation/modelsim/multicore_2x_900mv_0c_v_slow.sdo  ;
; C:/altera/91/quartus/multicore_16/simulation/modelsim/multicore_min_900mv_0c_v_fast.sdo ;
; C:/altera/91/quartus/multicore_16/simulation/modelsim/multicore_v.sdo                   ;
+-----------------------------------------------------------------------------------------+


+-----------------------------+
; EDA Netlist Writer Messages ;
+-----------------------------+
Info: *******************************************************************
Info: Running Quartus II EDA Netlist Writer
    Info: Version 9.1 Build 222 10/21/2009 SJ Full Version
    Info: Processing started: Tue Aug 23 20:29:55 2011
Info: Command: quartus_eda --read_settings_files=off --write_settings_files=off multicore_16 -c multicore
Info: Generated file multicore_2x_900mv_85c_slow.vo in folder "C:/altera/91/quartus/multicore_16/simulation/modelsim/" for EDA simulation tool
Info: Generated file multicore_2x_900mv_0c_slow.vo in folder "C:/altera/91/quartus/multicore_16/simulation/modelsim/" for EDA simulation tool
Info: Generated file multicore_min_900mv_0c_fast.vo in folder "C:/altera/91/quartus/multicore_16/simulation/modelsim/" for EDA simulation tool
Info: Generated file multicore.vo in folder "C:/altera/91/quartus/multicore_16/simulation/modelsim/" for EDA simulation tool
Info: Generated file multicore_2x_900mv_85c_v_slow.sdo in folder "C:/altera/91/quartus/multicore_16/simulation/modelsim/" for EDA simulation tool
Info: Generated file multicore_2x_900mv_0c_v_slow.sdo in folder "C:/altera/91/quartus/multicore_16/simulation/modelsim/" for EDA simulation tool
Info: Generated file multicore_min_900mv_0c_v_fast.sdo in folder "C:/altera/91/quartus/multicore_16/simulation/modelsim/" for EDA simulation tool
Info: Generated file multicore_v.sdo in folder "C:/altera/91/quartus/multicore_16/simulation/modelsim/" for EDA simulation tool
Info: Quartus II EDA Netlist Writer was successful. 0 errors, 0 warnings
    Info: Peak virtual memory: 274 megabytes
    Info: Processing ended: Tue Aug 23 20:31:27 2011
    Info: Elapsed time: 00:01:32
    Info: Total CPU time (on all processors): 00:01:15


