Flow report for multicore
Sun Aug 28 13:40:32 2011
Quartus II Version 9.1 Build 222 10/21/2009 SJ Full Version


---------------------
; Table of Contents ;
---------------------
  1. Legal Notice
  2. Flow Summary
  3. Flow Settings
  4. Flow Non-Default Global Settings
  5. Flow Elapsed Time
  6. Flow OS Summary
  7. Flow Log



----------------
; Legal Notice ;
----------------
Copyright (C) 1991-2009 Altera Corporation
Your use of Altera Corporation's design tools, logic functions 
and other software and tools, and its AMPP partner logic 
functions, and any output files from any of the foregoing 
(including device programming or simulation files), and any 
associated documentation or information are expressly subject 
to the terms and conditions of the Altera Program License 
Subscription Agreement, Altera MegaCore Function License 
Agreement, or other applicable license agreement, including, 
without limitation, that your use is for the sole purpose of 
programming logic devices manufactured by Altera and sold by 
Altera or its authorized distributors.  Please refer to the 
applicable agreement for further details.



+------------------------------------------------------------------------------+
; Flow Summary                                                                 ;
+-----------------------------------+------------------------------------------+
; Flow Status                       ; Flow Failed - Sun Aug 28 13:40:32 2011   ;
; Quartus II Version                ; 9.1 Build 222 10/21/2009 SJ Full Version ;
; Revision Name                     ; multicore                                ;
; Top-level Entity Name             ; np_core                                  ;
; Family                            ; Stratix IV                               ;
; Device                            ; EP4SGX230DF29C2X                         ;
; Timing Models                     ; Preliminary                              ;
; Met timing requirements           ; N/A                                      ;
; Logic utilization                 ; N/A until Partition Merge                ;
;     Combinational ALUTs           ; N/A until Partition Merge                ;
;     Memory ALUTs                  ; N/A until Partition Merge                ;
;     Dedicated logic registers     ; N/A until Partition Merge                ;
; Total registers                   ; N/A until Partition Merge                ;
; Total pins                        ; N/A until Partition Merge                ;
; Total virtual pins                ; N/A until Partition Merge                ;
; Total block memory bits           ; N/A until Partition Merge                ;
; DSP block 18-bit elements         ; N/A until Partition Merge                ;
; Total GXB Receiver Channel PCS    ; N/A until Partition Merge                ;
; Total GXB Receiver Channel PMA    ; N/A until Partition Merge                ;
; Total GXB Transmitter Channel PCS ; N/A until Partition Merge                ;
; Total GXB Transmitter Channel PMA ; N/A until Partition Merge                ;
; Total PLLs                        ; N/A until Partition Merge                ;
; Total DLLs                        ; N/A until Partition Merge                ;
+-----------------------------------+------------------------------------------+


+-----------------------------------------+
; Flow Settings                           ;
+-------------------+---------------------+
; Option            ; Setting             ;
+-------------------+---------------------+
; Start date & time ; 08/28/2011 13:40:31 ;
; Main task         ; Compilation         ;
; Revision Name     ; multicore           ;
+-------------------+---------------------+


+---------------------------------------------------------------------------------------------------------------------+
; Flow Non-Default Global Settings                                                                                    ;
+------------------------------------+---------------------------------+---------------+-------------+----------------+
; Assignment Name                    ; Value                           ; Default Value ; Entity Name ; Section Id     ;
+------------------------------------+---------------------------------+---------------+-------------+----------------+
; COMPILER_SIGNATURE_ID              ; 123257045523730.131455323106772 ; --            ; --          ; --             ;
; EDA_OUTPUT_DATA_FORMAT             ; Verilog Hdl                     ; --            ; --          ; eda_simulation ;
; EDA_SIMULATION_TOOL                ; ModelSim-Altera (Verilog)       ; <None>        ; --          ; --             ;
; EDA_TIME_SCALE                     ; 1 ps                            ; --            ; --          ; eda_simulation ;
; IP_TOOL_NAME                       ; RAM: 1-PORT                     ; --            ; --          ; --             ;
; IP_TOOL_NAME                       ; RAM: 1-PORT                     ; --            ; --          ; --             ;
; IP_TOOL_VERSION                    ; 9.1                             ; --            ; --          ; --             ;
; IP_TOOL_VERSION                    ; 9.1                             ; --            ; --          ; --             ;
; MAX_CORE_JUNCTION_TEMP             ; 85                              ; --            ; --          ; --             ;
; MIN_CORE_JUNCTION_TEMP             ; 0                               ; --            ; --          ; --             ;
; MISC_FILE                          ; RAMB16_S9_altera.bsf            ; --            ; --          ; --             ;
; MISC_FILE                          ; RAMB16_S9_altera_inst.v         ; --            ; --          ; --             ;
; MISC_FILE                          ; RAMB16_S9_altera_bb.v           ; --            ; --          ; --             ;
; MISC_FILE                          ; RAMB16_S9_altera.inc            ; --            ; --          ; --             ;
; MISC_FILE                          ; RAMB16_S9_altera.cmp            ; --            ; --          ; --             ;
; MISC_FILE                          ; RAMB16_S4_altera.bsf            ; --            ; --          ; --             ;
; MISC_FILE                          ; RAMB16_S4_altera_inst.v         ; --            ; --          ; --             ;
; MISC_FILE                          ; RAMB16_S4_altera_bb.v           ; --            ; --          ; --             ;
; MISC_FILE                          ; RAMB16_S4_altera.inc            ; --            ; --          ; --             ;
; MISC_FILE                          ; RAMB16_S4_altera.cmp            ; --            ; --          ; --             ;
; MISC_FILE                          ; RAMB16_S4_altera_syn.v          ; --            ; --          ; --             ;
; NOMINAL_CORE_SUPPLY_VOLTAGE        ; 0.9V                            ; --            ; --          ; --             ;
; PARTITION_COLOR                    ; 16764057                        ; --            ; np_core     ; Top            ;
; PARTITION_NETLIST_TYPE             ; SOURCE                          ; --            ; np_core     ; Top            ;
; POWER_HSSI_LEFT                    ; Opportunistically power off     ; --            ; --          ; --             ;
; POWER_HSSI_RIGHT                   ; Opportunistically power off     ; --            ; --          ; --             ;
; POWER_HSSI_VCCHIP_LEFT             ; Opportunistically power off     ; --            ; --          ; --             ;
; POWER_HSSI_VCCHIP_RIGHT            ; Opportunistically power off     ; --            ; --          ; --             ;
; STRATIXII_OPTIMIZATION_TECHNIQUE   ; Area                            ; Balanced      ; --          ; --             ;
; TOP_LEVEL_ENTITY                   ; np_core                         ; multicore     ; --          ; --             ;
; USE_GENERATED_PHYSICAL_CONSTRAINTS ; Off                             ; --            ; --          ; eda_blast_fpga ;
; VCCA_L_USER_VOLTAGE                ; 2.5V                            ; --            ; --          ; --             ;
; VCCA_R_USER_VOLTAGE                ; 2.5V                            ; --            ; --          ; --             ;
; VCCH_GXBL_USER_VOLTAGE             ; 1.4V                            ; --            ; --          ; --             ;
; VCCH_GXBR_USER_VOLTAGE             ; 1.4V                            ; --            ; --          ; --             ;
+------------------------------------+---------------------------------+---------------+-------------+----------------+


+--------------------------------------------------------------------------------------------------------------------------+
; Flow Elapsed Time                                                                                                        ;
+----------------------+--------------+-------------------------+---------------------+------------------------------------+
; Module Name          ; Elapsed Time ; Average Processors Used ; Peak Virtual Memory ; Total CPU Time (on all processors) ;
+----------------------+--------------+-------------------------+---------------------+------------------------------------+
; Analysis & Synthesis ; 00:00:24     ; 1.0                     ; 225 MB              ; 00:00:03                           ;
; Total                ; 00:00:24     ; --                      ; --                  ; 00:00:03                           ;
+----------------------+--------------+-------------------------+---------------------+------------------------------------+


+---------------------------------------------------------------------------------------+
; Flow OS Summary                                                                       ;
+----------------------+------------------+---------------+------------+----------------+
; Module Name          ; Machine Hostname ; OS Name       ; OS Version ; Processor type ;
+----------------------+------------------+---------------+------------+----------------+
; Analysis & Synthesis ; Hari-THINK       ; Windows Vista ; 6.1        ; x86_64         ;
+----------------------+------------------+---------------+------------+----------------+


------------
; Flow Log ;
------------
quartus_map --read_settings_files=on --write_settings_files=off multicore_16 -c multicore



