Analysis & Synthesis report for multicore
Sun Aug 28 13:40:32 2011
Quartus II Version 9.1 Build 222 10/21/2009 SJ Full Version


---------------------
; Table of Contents ;
---------------------
  1. Legal Notice
  2. Analysis & Synthesis Summary
  3. Analysis & Synthesis Settings
  4. Parallel Compilation
  5. Analysis & Synthesis Messages



----------------
; Legal Notice ;
----------------
Copyright (C) 1991-2009 Altera Corporation
Your use of Altera Corporation's design tools, logic functions 
and other software and tools, and its AMPP partner logic 
functions, and any output files from any of the foregoing 
(including device programming or simulation files), and any 
associated documentation or information are expressly subject 
to the terms and conditions of the Altera Program License 
Subscription Agreement, Altera MegaCore Function License 
Agreement, or other applicable license agreement, including, 
without limitation, that your use is for the sole purpose of 
programming logic devices manufactured by Altera and sold by 
Altera or its authorized distributors.  Please refer to the 
applicable agreement for further details.



+------------------------------------------------------------------------------+
; Analysis & Synthesis Summary                                                 ;
+-----------------------------------+------------------------------------------+
; Analysis & Synthesis Status       ; Failed - Sun Aug 28 13:40:32 2011        ;
; Quartus II Version                ; 9.1 Build 222 10/21/2009 SJ Full Version ;
; Revision Name                     ; multicore                                ;
; Top-level Entity Name             ; np_core                                  ;
; Family                            ; Stratix IV                               ;
; Logic utilization                 ; N/A until Partition Merge                ;
;     Combinational ALUTs           ; N/A until Partition Merge                ;
;     Memory ALUTs                  ; N/A until Partition Merge                ;
;     Dedicated logic registers     ; N/A until Partition Merge                ;
; Total registers                   ; N/A until Partition Merge                ;
; Total pins                        ; N/A until Partition Merge                ;
; Total virtual pins                ; N/A until Partition Merge                ;
; Total block memory bits           ; N/A until Partition Merge                ;
; DSP block 18-bit elements         ; N/A until Partition Merge                ;
; Total GXB Receiver Channel PCS    ; N/A until Partition Merge                ;
; Total GXB Receiver Channel PMA    ; N/A until Partition Merge                ;
; Total GXB Transmitter Channel PCS ; N/A until Partition Merge                ;
; Total GXB Transmitter Channel PMA ; N/A until Partition Merge                ;
; Total PLLs                        ; N/A until Partition Merge                ;
; Total DLLs                        ; N/A until Partition Merge                ;
+-----------------------------------+------------------------------------------+


+----------------------------------------------------------------------------------------------------------------------+
; Analysis & Synthesis Settings                                                                                        ;
+----------------------------------------------------------------------------+--------------------+--------------------+
; Option                                                                     ; Setting            ; Default Value      ;
+----------------------------------------------------------------------------+--------------------+--------------------+
; Device                                                                     ; EP4SGX230DF29C2X   ;                    ;
; Top-level entity name                                                      ; np_core            ; multicore          ;
; Family name                                                                ; Stratix IV         ; Stratix II         ;
; Type of Retiming Performed During Resynthesis                              ; Full               ;                    ;
; Resynthesis Optimization Effort                                            ; Normal             ;                    ;
; Physical Synthesis Level for Resynthesis                                   ; Normal             ;                    ;
; Use Generated Physical Constraints File                                    ; On                 ;                    ;
; Use smart compilation                                                      ; Off                ; Off                ;
; Enable parallel Assembler and TimeQuest Timing Analyzer during compilation ; On                 ; On                 ;
; Enable compact report table                                                ; Off                ; Off                ;
; Restructure Multiplexers                                                   ; Auto               ; Auto               ;
; Create Debugging Nodes for IP Cores                                        ; Off                ; Off                ;
; Preserve fewer node names                                                  ; On                 ; On                 ;
; Disable OpenCore Plus hardware evaluation                                  ; Off                ; Off                ;
; Verilog Version                                                            ; Verilog_2001       ; Verilog_2001       ;
; VHDL Version                                                               ; VHDL_1993          ; VHDL_1993          ;
; State Machine Processing                                                   ; Auto               ; Auto               ;
; Safe State Machine                                                         ; Off                ; Off                ;
; Extract Verilog State Machines                                             ; On                 ; On                 ;
; Extract VHDL State Machines                                                ; On                 ; On                 ;
; Ignore Verilog initial constructs                                          ; Off                ; Off                ;
; Iteration limit for constant Verilog loops                                 ; 5000               ; 5000               ;
; Iteration limit for non-constant Verilog loops                             ; 250                ; 250                ;
; Add Pass-Through Logic to Inferred RAMs                                    ; On                 ; On                 ;
; Parallel Synthesis                                                         ; On                 ; On                 ;
; DSP Block Balancing                                                        ; Auto               ; Auto               ;
; NOT Gate Push-Back                                                         ; On                 ; On                 ;
; Power-Up Don't Care                                                        ; On                 ; On                 ;
; Remove Redundant Logic Cells                                               ; Off                ; Off                ;
; Remove Duplicate Registers                                                 ; On                 ; On                 ;
; Ignore CARRY Buffers                                                       ; Off                ; Off                ;
; Ignore CASCADE Buffers                                                     ; Off                ; Off                ;
; Ignore GLOBAL Buffers                                                      ; Off                ; Off                ;
; Ignore ROW GLOBAL Buffers                                                  ; Off                ; Off                ;
; Ignore LCELL Buffers                                                       ; Off                ; Off                ;
; Ignore SOFT Buffers                                                        ; On                 ; On                 ;
; Limit AHDL Integers to 32 Bits                                             ; Off                ; Off                ;
; Optimization Technique                                                     ; Balanced           ; Balanced           ;
; Carry Chain Length                                                         ; 70                 ; 70                 ;
; Auto Carry Chains                                                          ; On                 ; On                 ;
; Auto Open-Drain Pins                                                       ; On                 ; On                 ;
; Perform WYSIWYG Primitive Resynthesis                                      ; Off                ; Off                ;
; Auto ROM Replacement                                                       ; On                 ; On                 ;
; Auto RAM Replacement                                                       ; On                 ; On                 ;
; Auto DSP Block Replacement                                                 ; On                 ; On                 ;
; Auto Shift Register Replacement                                            ; Auto               ; Auto               ;
; Auto Clock Enable Replacement                                              ; On                 ; On                 ;
; Strict RAM Replacement                                                     ; Off                ; Off                ;
; Allow Synchronous Control Signals                                          ; On                 ; On                 ;
; Force Use of Synchronous Clear Signals                                     ; Off                ; Off                ;
; Auto RAM Block Balancing                                                   ; On                 ; On                 ;
; Auto RAM to Logic Cell Conversion                                          ; Off                ; Off                ;
; Auto Resource Sharing                                                      ; Off                ; Off                ;
; Allow Any RAM Size For Recognition                                         ; Off                ; Off                ;
; Allow Any ROM Size For Recognition                                         ; Off                ; Off                ;
; Allow Any Shift Register Size For Recognition                              ; Off                ; Off                ;
; Use LogicLock Constraints during Resource Balancing                        ; On                 ; On                 ;
; Ignore translate_off and synthesis_off directives                          ; Off                ; Off                ;
; Timing-Driven Synthesis                                                    ; On                 ; On                 ;
; Show Parameter Settings Tables in Synthesis Report                         ; On                 ; On                 ;
; Ignore Maximum Fan-Out Assignments                                         ; Off                ; Off                ;
; Synchronization Register Chain Length                                      ; 2                  ; 2                  ;
; PowerPlay Power Optimization                                               ; Normal compilation ; Normal compilation ;
; HDL message level                                                          ; Level2             ; Level2             ;
; Suppress Register Optimization Related Messages                            ; Off                ; Off                ;
; Number of Removed Registers Reported in Synthesis Report                   ; 100                ; 100                ;
; Number of Inverted Registers Reported in Synthesis Report                  ; 100                ; 100                ;
; Clock MUX Protection                                                       ; On                 ; On                 ;
; Auto Gated Clock Conversion                                                ; Off                ; Off                ;
; Block Design Naming                                                        ; Auto               ; Auto               ;
; SDC constraint protection                                                  ; Off                ; Off                ;
; Synthesis Effort                                                           ; Auto               ; Auto               ;
; Shift Register Replacement - Allow Asynchronous Clear Signal               ; On                 ; On                 ;
; Analysis & Synthesis Message Level                                         ; Medium             ; Medium             ;
; Disable Register Merging Across Hierarchies                                ; Auto               ; Auto               ;
; Resource Aware Inference For Block RAM                                     ; On                 ; On                 ;
+----------------------------------------------------------------------------+--------------------+--------------------+


+------------------------------------------+
; Parallel Compilation                     ;
+----------------------------+-------------+
; Processors                 ; Number      ;
+----------------------------+-------------+
; Number detected on machine ; 2           ;
; Maximum allowed            ; 2           ;
;                            ;             ;
; Average used               ; 1.00        ;
; Maximum used               ; 1           ;
;                            ;             ;
; Usage by Processor         ; % Time Used ;
;     1 processor            ; 100.0%      ;
;     2 processors           ;   0.0%      ;
+----------------------------+-------------+


+-------------------------------+
; Analysis & Synthesis Messages ;
+-------------------------------+
Info: *******************************************************************
Info: Running Quartus II Analysis & Synthesis
    Info: Version 9.1 Build 222 10/21/2009 SJ Full Version
    Info: Processing started: Sun Aug 28 13:40:30 2011
Info: Command: quartus_map --read_settings_files=on --write_settings_files=off multicore_16 -c multicore
Info: Parallel compilation is enabled and will use 2 of the 2 processors detected
Warning: Can't analyze file -- file ../../../../Documents and Settings/Danaoula/Desktop/NF2/projects/ngnp_multicore/src/next_hop_ram.v is missing
Warning: Can't analyze file -- file ../../../../Documents and Settings/Danaoula/Desktop/NF2/projects/ngnp_multicore/src/bb_ram.v is missing
Warning: Can't analyze file -- file ../../../../Documents and Settings/Danaoula/Desktop/NF2/projects/ngnp_multicore/src/localram.v is missing
Info: Found 2 design units, including 2 entities, in source file ram16_s36_s36_altera_syn.v
    Info: Found entity 1: RAM16_s36_s36_altera_altsyncram
    Info: Found entity 2: RAM16_s36_s36_altera
Info: Found 8 design units, including 8 entities, in source file small_fifo_syn.v
    Info: Found entity 1: small_fifo_cntr
    Info: Found entity 2: small_fifo_a_fefifo
    Info: Found entity 3: small_fifo_altsyncram
    Info: Found entity 4: small_fifo_dpram
    Info: Found entity 5: small_fifo_cntr1
    Info: Found entity 6: small_fifo_a_dpfifo
    Info: Found entity 7: small_fifo_scfifo
    Info: Found entity 8: small_fifo
Warning: Can't analyze file -- file ../../../../Documents and Settings/Danaoula/Desktop/NF2/projects/ngnp_multicore/src/sec_monitor.v is missing
Warning: Can't analyze file -- file ../../../../Documents and Settings/Danaoula/Desktop/NF2/projects/ngnp_multicore/src/stage1.v is missing
Warning: Can't analyze file -- file ../../../../Documents and Settings/Danaoula/Desktop/NF2/projects/ngnp_multicore/src/stage2.v is missing
Warning: Can't analyze file -- file ../../../../Documents and Settings/Danaoula/Desktop/NF2/projects/ngnp_multicore/src/stage3.v is missing
Warning: Can't analyze file -- file ../../../../Documents and Settings/Danaoula/Desktop/NF2/projects/ngnp_multicore/src/stage4.v is missing
Warning: Can't analyze file -- file ../../../../Documents and Settings/Danaoula/Desktop/NF2/projects/ngnp_multicore/include/yf32_define.v is missing
Warning: Can't analyze file -- file ../../../../Documents and Settings/Danaoula/Desktop/NF2/projects/ngnp_multicore/src/yf32/yf32_core.v is missing
Warning: Can't analyze file -- file ../../../../Documents and Settings/Danaoula/Desktop/NF2/projects/ngnp_multicore/src/yf32/alu.v is missing
Warning: Can't analyze file -- file ../../../../Documents and Settings/Danaoula/Desktop/NF2/projects/ngnp_multicore/src/yf32/bus_mux.v is missing
Warning: Can't analyze file -- file ../../../../Documents and Settings/Danaoula/Desktop/NF2/projects/ngnp_multicore/src/yf32/control.v is missing
Warning: Can't analyze file -- file ../../../../Documents and Settings/Danaoula/Desktop/NF2/projects/ngnp_multicore/src/yf32/mem_ctrl.v is missing
Warning: Can't analyze file -- file ../../../../Documents and Settings/Danaoula/Desktop/NF2/projects/ngnp_multicore/src/yf32/mlite_cpu.v is missing
Warning: Can't analyze file -- file ../../../../Documents and Settings/Danaoula/Desktop/NF2/projects/ngnp_multicore/src/yf32/mult.v is missing
Warning: Can't analyze file -- file ../../../../Documents and Settings/Danaoula/Desktop/NF2/projects/ngnp_multicore/src/yf32/pc_next.v is missing
Warning: Can't analyze file -- file ../../../../Documents and Settings/Danaoula/Desktop/NF2/projects/ngnp_multicore/src/yf32/pipeline.v is missing
Warning: Can't analyze file -- file ../../../../Documents and Settings/Danaoula/Desktop/NF2/projects/ngnp_multicore/src/yf32/reg_bank.v is missing
Warning: Can't analyze file -- file ../../../../Documents and Settings/Danaoula/Desktop/NF2/projects/ngnp_multicore/src/yf32/shifter.v is missing
Warning: Can't analyze file -- file ../../../../Documents and Settings/Danaoula/Desktop/NF2/projects/ngnp_multicore/src/yf32/thread_ctrl.v is missing
Warning: Can't analyze file -- file ../../../../Documents and Settings/Danaoula/Desktop/NF2/projects/ngnp_multicore/src/packet_memory.v is missing
Warning: Can't analyze file -- file ../../../../Documents and Settings/Danaoula/Desktop/NF2/projects/ngnp_multicore/src/packet_memory_block.v is missing
Warning: Can't analyze file -- file ../../../../Documents and Settings/Danaoula/Desktop/NF2/projects/ngnp_multicore/src/packet_queue.v is missing
Warning: Can't analyze file -- file ../../../../Documents and Settings/Danaoula/Desktop/NF2/projects/ngnp_multicore/src/ppu.v is missing
Warning: Can't analyze file -- file ../../../../Documents and Settings/Danaoula/Desktop/NF2/projects/ngnp_multicore/src/process_unit.v is missing
Warning: Can't analyze file -- file ../../../../Documents and Settings/Danaoula/Desktop/NF2/projects/ngnp_multicore/src/flow_classification.v is missing
Warning: Can't analyze file -- file ../../../../Documents and Settings/Danaoula/Desktop/NF2/projects/ngnp_multicore/src/in_switch.v is missing
Warning: Can't analyze file -- file ../../../../Documents and Settings/Danaoula/Desktop/NF2/projects/ngnp_multicore/src/lr0.v is missing
Warning: Can't analyze file -- file ../../../../Documents and Settings/Danaoula/Desktop/NF2/projects/ngnp_multicore/src/np_core.v is missing
Warning: Can't analyze file -- file ../../../../Documents and Settings/Danaoula/Desktop/NF2/projects/ngnp_multicore/src/out_arbiter.v is missing
Warning: Can't analyze file -- file ../../../../Documents and Settings/Danaoula/Desktop/NF2/projects/ngnp_multicore/src/out_switch.v is missing
Warning: Can't analyze file -- file ../../../../Documents and Settings/Danaoula/Desktop/NF2/projects/ngnp_multicore/src/packet_buffer.v is missing
Warning: Can't analyze file -- file ../../../../Documents and Settings/Danaoula/Desktop/NF2/projects/ngnp_multicore/src/packet_buffer_bypass.v is missing
Info: Found 1 design units, including 1 entities, in source file ramb16_s9_altera.v
    Info: Found entity 1: RAMB16_S9_altera
Info: Found 1 design units, including 1 entities, in source file ramb16_s4_altera.v
    Info: Found entity 1: RAMB16_S4_altera
Error: Top-level design entity "np_core" is undefined
Error: Quartus II Analysis & Synthesis was unsuccessful. 1 error, 34 warnings
    Error: Peak virtual memory: 227 megabytes
    Error: Processing ended: Sun Aug 28 13:40:33 2011
    Error: Elapsed time: 00:00:03
    Error: Total CPU time (on all processors): 00:00:02


